<?xml version="1.0" encoding="UTF-8"?>
<!-- Generated by org.testng.reporters.JUnitReportReporter -->
<testsuite hostname="JoyGirl" failures="0" tests="3"
	name="FebAutomation.FunOlympic" time="21.803" errors="0"
	timestamp="2024-04-16T20:50:35 NPT" skipped="0">
	<testcase classname="FebAutomation.FunOlympic" name="Add" time="0.960" />
	<system-out />
	<testcase classname="FebAutomation.FunOlympic" name="Delete" time="0.253" />
	<system-out />
	<testcase classname="FebAutomation.FunOlympic" name="Update" time="20.590" />
	<system-out />
</testsuite> <!-- FebAutomation.FunOlympic -->
