<?xml version="1.0" encoding="UTF-8"?>
<!-- Generated by org.testng.reporters.JUnitReportReporter -->
<testsuite hostname="JoyGirl" failures="0" tests="2"
	name="FebAutomation.FunOlympicUpdate" time="3.533" errors="0"
	timestamp="2024-04-16T20:42:26 NPT" skipped="0">
	<testcase classname="FebAutomation.FunOlympicUpdate" name="Update"
		time="2.597" />
	<system-out />
	<testcase classname="FebAutomation.FunOlympicUpdate" name="Add" time="0.936" />
	<system-out />
</testsuite> <!-- FebAutomation.FunOlympicUpdate -->
