<?xml version="1.0" encoding="UTF-8"?>
<!-- Generated by org.testng.reporters.JUnitReportReporter -->
<testsuite hostname="JoyGirl" failures="0" tests="1"
	name="FebAutomation.FunOlympicComment" time="2.514" errors="0"
	timestamp="2024-04-16T22:20:21 NPT" skipped="0">
	<testcase classname="FebAutomation.FunOlympicComment" name="Comment"
		time="2.514" />
	<system-out />
</testsuite> <!-- FebAutomation.FunOlympicComment -->
