<?xml version="1.0" encoding="UTF-8"?>
<!-- Generated by org.testng.reporters.JUnitReportReporter -->
<testsuite hostname="JoyGirl" failures="0" tests="3"
	name="FebAutomation.FunOlympicDelete" time="3.770" errors="0"
	timestamp="2024-04-16T20:43:02 NPT" skipped="0">
	<testcase classname="FebAutomation.FunOlympicDelete" name="Add" time="0.952" />
	<system-out />
	<testcase classname="FebAutomation.FunOlympicDelete" name="Delete"
		time="0.250" />
	<system-out />
	<testcase classname="FebAutomation.FunOlympicDelete" name="Update"
		time="2.568" />
	<system-out />
</testsuite> <!-- FebAutomation.FunOlympicDelete -->
