<?xml version="1.0" encoding="UTF-8"?>
<!-- Generated by org.testng.reporters.JUnitReportReporter -->
<testsuite hostname="JoyGirl" failures="0" tests="1"
	name="FebAutomation.FunOlympicNumber" time="0.444" errors="0"
	timestamp="2024-04-16T22:36:16 NPT" skipped="0">
	<testcase classname="FebAutomation.FunOlympicNumber" name="ChangeNumber"
		time="0.444" />
	<system-out />
</testsuite> <!-- FebAutomation.FunOlympicNumber -->
