<?xml version="1.0" encoding="UTF-8"?>
<!-- Generated by org.testng.reporters.JUnitReportReporter -->
<testsuite hostname="JoyGirl" failures="0" tests="1" name="FebAutomation.SetUp"
	time="3.991" errors="0" timestamp="2024-04-16T14:20:34 NPT" skipped="0">
	<testcase classname="FebAutomation.SetUp" name="OpenBrowser" time="3.991" />
	<system-out />
</testsuite> <!-- FebAutomation.SetUp -->
