<?xml version="1.0" encoding="UTF-8"?>
<!-- Generated by org.testng.reporters.JUnitReportReporter -->
<testsuite hostname="JoyGirl" failures="0" tests="1"
	name="FebAutomation.FunOlympicSignup" time="0.123" errors="0"
	timestamp="2024-04-16T20:05:44 NPT" skipped="0">
	<testcase classname="FebAutomation.FunOlympicSignup" name="SignUp"
		time="0.123" />
	<system-out />
</testsuite> <!-- FebAutomation.FunOlympicSignup -->
