<?xml version="1.0" encoding="UTF-8"?>
<!-- Generated by org.testng.reporters.JUnitReportReporter -->
<testsuite hostname="JoyGirl" failures="0" tests="1"
	name="FebAutomation.FunOlympicProfileEdit" time="0.565" errors="0"
	timestamp="2024-04-16T22:19:58 NPT" skipped="0">
	<testcase classname="FebAutomation.FunOlympicProfileEdit"
		name="Changepassword" time="0.565" />
	<system-out />
</testsuite> <!-- FebAutomation.FunOlympicProfileEdit -->
